<?xml version="1.0" encoding="UTF-8"?>
<!-- Generated by org.testng.reporters.JUnitXMLReporter -->
<testsuite ignored="0" hostname="Emanuels-MacBook-Pro.local" failures="0" tests="10" name="Unit Tests" time="6.531" errors="0" timestamp="19 Jul 2019 02:51:01 GMT">
  <testcase classname="RESTAPITestCases.VerifyProperResponse" name="createEmployee" time="2.641"/>
  <testcase classname="RESTAPITestCases.VerifyProperResponse" name="deleteEmployee" time="0.438"/>
  <testcase classname="RESTAPITestCases.VerifyProperResponse" name="getAllEmployees" time="0.447"/>
  <testcase classname="RESTAPITestCases.VerifyProperResponse" name="getEmployee" time="0.431"/>
  <testcase classname="RESTAPITestCases.VerifyProperResponse" name="updateEmployee" time="0.41"/>
  <testcase classname="RESTAPITestCases.VerifyStatusOK" name="createEmployee" time="0.447"/>
  <testcase classname="RESTAPITestCases.VerifyStatusOK" name="deleteEmployee" time="0.419"/>
  <testcase classname="RESTAPITestCases.VerifyStatusOK" name="getAllEmployees" time="0.423"/>
  <testcase classname="RESTAPITestCases.VerifyStatusOK" name="getEmployee" time="0.415"/>
  <testcase classname="RESTAPITestCases.VerifyStatusOK" name="updateEmployee" time="0.418"/>
</testsuite> <!-- Unit Tests -->
