<?xml version="1.0" encoding="UTF-8"?>
<testng-results ignored="0" total="10" passed="10" failed="0" skipped="0">
  <reporter-output>
  </reporter-output>
  <suite started-at="2019-07-19T02:50:54Z" name="EndPointsTestUW" finished-at="2019-07-19T02:51:01Z" duration-ms="6531">
    <groups>
    </groups>
    <test started-at="2019-07-19T02:50:54Z" name="Unit Tests" finished-at="2019-07-19T02:51:01Z" duration-ms="6531">
      <class name="RESTAPITestCases.VerifyStatusOK">
        <test-method signature="createEmployee()[pri:0, instance:RESTAPITestCases.VerifyStatusOK@3c41ed1d]" started-at="2019-07-19T02:50:59Z" name="createEmployee" finished-at="2019-07-19T02:50:59Z" duration-ms="447" status="PASS">
          <reporter-output>
          </reporter-output>
        </test-method> <!-- createEmployee -->
        <test-method signature="deleteEmployee()[pri:0, instance:RESTAPITestCases.VerifyStatusOK@3c41ed1d]" started-at="2019-07-19T02:50:59Z" name="deleteEmployee" finished-at="2019-07-19T02:51:00Z" duration-ms="419" status="PASS">
          <reporter-output>
          </reporter-output>
        </test-method> <!-- deleteEmployee -->
        <test-method signature="getAllEmployees()[pri:0, instance:RESTAPITestCases.VerifyStatusOK@3c41ed1d]" started-at="2019-07-19T02:51:00Z" name="getAllEmployees" finished-at="2019-07-19T02:51:00Z" duration-ms="423" status="PASS">
          <reporter-output>
          </reporter-output>
        </test-method> <!-- getAllEmployees -->
        <test-method signature="getEmployee()[pri:0, instance:RESTAPITestCases.VerifyStatusOK@3c41ed1d]" started-at="2019-07-19T02:51:00Z" name="getEmployee" finished-at="2019-07-19T02:51:01Z" duration-ms="415" status="PASS">
          <reporter-output>
          </reporter-output>
        </test-method> <!-- getEmployee -->
        <test-method signature="updateEmployee()[pri:0, instance:RESTAPITestCases.VerifyStatusOK@3c41ed1d]" started-at="2019-07-19T02:51:01Z" name="updateEmployee" finished-at="2019-07-19T02:51:01Z" duration-ms="418" status="PASS">
          <reporter-output>
          </reporter-output>
        </test-method> <!-- updateEmployee -->
      </class> <!-- RESTAPITestCases.VerifyStatusOK -->
      <class name="RESTAPITestCases.VerifyProperResponse">
        <test-method signature="createEmployee()[pri:0, instance:RESTAPITestCases.VerifyProperResponse@34e9fd99]" started-at="2019-07-19T02:50:55Z" name="createEmployee" finished-at="2019-07-19T02:50:57Z" duration-ms="2641" status="PASS">
          <reporter-output>
          </reporter-output>
        </test-method> <!-- createEmployee -->
        <test-method signature="deleteEmployee()[pri:0, instance:RESTAPITestCases.VerifyProperResponse@34e9fd99]" started-at="2019-07-19T02:50:57Z" name="deleteEmployee" finished-at="2019-07-19T02:50:58Z" duration-ms="438" status="PASS">
          <reporter-output>
          </reporter-output>
        </test-method> <!-- deleteEmployee -->
        <test-method signature="getAllEmployees()[pri:0, instance:RESTAPITestCases.VerifyProperResponse@34e9fd99]" started-at="2019-07-19T02:50:58Z" name="getAllEmployees" finished-at="2019-07-19T02:50:58Z" duration-ms="447" status="PASS">
          <reporter-output>
          </reporter-output>
        </test-method> <!-- getAllEmployees -->
        <test-method signature="getEmployee()[pri:0, instance:RESTAPITestCases.VerifyProperResponse@34e9fd99]" started-at="2019-07-19T02:50:58Z" name="getEmployee" finished-at="2019-07-19T02:50:58Z" duration-ms="431" status="PASS">
          <reporter-output>
          </reporter-output>
        </test-method> <!-- getEmployee -->
        <test-method signature="updateEmployee()[pri:0, instance:RESTAPITestCases.VerifyProperResponse@34e9fd99]" started-at="2019-07-19T02:50:58Z" name="updateEmployee" finished-at="2019-07-19T02:50:59Z" duration-ms="410" status="PASS">
          <reporter-output>
          </reporter-output>
        </test-method> <!-- updateEmployee -->
      </class> <!-- RESTAPITestCases.VerifyProperResponse -->
    </test> <!-- Unit Tests -->
  </suite> <!-- EndPointsTestUW -->
</testng-results>
