<?xml version="1.0" encoding="UTF-8"?>
<testsuite xmlns:xsi="http://www.w3.org/2001/XMLSchema-instance" xsi:noNamespaceSchemaLocation="https://maven.apache.org/surefire/maven-surefire-plugin/xsd/surefire-test-report.xsd" name="TestSuite" time="7.225" tests="10" errors="0" skipped="0" failures="0">
  <properties>
[...]
</properties>
  <testcase name="createEmployee" classname="RESTAPITestCases.VerifyProperResponse" time="2.641"/>
  <testcase name="deleteEmployee" classname="RESTAPITestCases.VerifyProperResponse" time="0.438"/>
  <testcase name="getAllEmployees" classname="RESTAPITestCases.VerifyProperResponse" time="1.173"/>
  <testcase name="getEmployee" classname="RESTAPITestCases.VerifyProperResponse" time="0.001"/>
  <testcase name="updateEmployee" classname="RESTAPITestCases.VerifyProperResponse" time="0.116"/>
  <testcase name="createEmployee" classname="RESTAPITestCases.VerifyStatusOK" time="0.448"/>
  <testcase name="deleteEmployee" classname="RESTAPITestCases.VerifyStatusOK" time="0.421"/>
  <testcase name="getAllEmployees" classname="RESTAPITestCases.VerifyStatusOK" time="0.423"/>
  <testcase name="getEmployee" classname="RESTAPITestCases.VerifyStatusOK" time="0.415"/>
  <testcase name="updateEmployee" classname="RESTAPITestCases.VerifyStatusOK" time="0.419"/>
</testsuite>